This is pdfTeX, Version 3.141592653-2.6-1.40.22 (TeX Live 2022/dev/Debian) (preloaded format=pdflatex)
 restricted \write18 enabled.
entering extended mode
(./main.tex
LaTeX2e <2021-11-15> patch level 1
L3 programming layer <2022-01-21>
(/usr/share/texlive/texmf-dist/tex/latex/base/article.cls
Document Class: article 2021/10/04 v1.4n Standard LaTeX document class
(/usr/share/texlive/texmf-dist/tex/latex/base/size10.clo))
(/tmp/ai4math-2026-kairos/styles/icml2026.sty
(/usr/share/texlive/texmf-dist/tex/latex/psnfss/times.sty)
(/tmp/ai4math-2026-kairos/styles/fancyhdr.sty)
(/usr/share/texlive/texmf-dist/tex/latex/xcolor/xcolor.sty
(/usr/share/texlive/texmf-dist/tex/latex/graphics-cfg/color.cfg)
(/usr/share/texlive/texmf-dist/tex/latex/graphics-def/pdftex.def))
(/tmp/ai4math-2026-kairos/styles/algorithm.sty
Document Style `algorithm' - floating environment
(/usr/share/texlive/texmf-dist/tex/latex/float/float.sty)
(/usr/share/texlive/texmf-dist/tex/latex/base/ifthen.sty))
(/tmp/ai4math-2026-kairos/styles/algorithmic.sty
Document Style `algorithmic' - environment
(/usr/share/texlive/texmf-dist/tex/latex/tools/calc.sty))
(/usr/share/texlive/texmf-dist/tex/latex/natbib/natbib.sty)
(/usr/share/texlive/texmf-dist/tex/latex/eso-pic/eso-pic.sty
(/usr/share/texlive/texmf-dist/tex/latex/graphics/keyval.sty))
(/usr/share/texlive/texmf-dist/tex/latex/forloop/forloop.sty)
(/usr/share/texlive/texmf-dist/tex/latex/url/url.sty)
(/usr/share/texlive/texmf-dist/tex/latex/caption/caption.sty
(/usr/share/texlive/texmf-dist/tex/latex/caption/caption3.sty)))
(/usr/share/texlive/texmf-dist/tex/latex/microtype/microtype.sty
(/usr/share/texlive/texmf-dist/tex/latex/etoolbox/etoolbox.sty)
(/usr/share/texlive/texmf-dist/tex/latex/microtype/microtype-pdftex.def)
(/usr/share/texlive/texmf-dist/tex/latex/microtype/microtype.cfg))
(/usr/share/texlive/texmf-dist/tex/latex/graphics/graphicx.sty
(/usr/share/texlive/texmf-dist/tex/latex/graphics/graphics.sty
(/usr/share/texlive/texmf-dist/tex/latex/graphics/trig.sty)
(/usr/share/texlive/texmf-dist/tex/latex/graphics-cfg/graphics.cfg)))
(/usr/share/texlive/texmf-dist/tex/latex/booktabs/booktabs.sty)
(/usr/share/texlive/texmf-dist/tex/latex/amsmath/amsmath.sty
For additional information on amsmath, use the `?' option.
(/usr/share/texlive/texmf-dist/tex/latex/amsmath/amstext.sty
(/usr/share/texlive/texmf-dist/tex/latex/amsmath/amsgen.sty))
(/usr/share/texlive/texmf-dist/tex/latex/amsmath/amsbsy.sty)
(/usr/share/texlive/texmf-dist/tex/latex/amsmath/amsopn.sty))
(/usr/share/texlive/texmf-dist/tex/latex/amsfonts/amssymb.sty
(/usr/share/texlive/texmf-dist/tex/latex/amsfonts/amsfonts.sty))
(/usr/share/texlive/texmf-dist/tex/latex/amscls/amsthm.sty)
(/usr/share/texlive/texmf-dist/tex/latex/mathtools/mathtools.sty
(/usr/share/texlive/texmf-dist/tex/latex/mathtools/mhsetup.sty))
(/usr/share/texlive/texmf-dist/tex/latex/hyperref/hyperref.sty
(/usr/share/texlive/texmf-dist/tex/generic/ltxcmds/ltxcmds.sty)
(/usr/share/texlive/texmf-dist/tex/generic/iftex/iftex.sty)
(/usr/share/texlive/texmf-dist/tex/generic/pdftexcmds/pdftexcmds.sty
(/usr/share/texlive/texmf-dist/tex/generic/infwarerr/infwarerr.sty))
(/usr/share/texlive/texmf-dist/tex/generic/kvsetkeys/kvsetkeys.sty)
(/usr/share/texlive/texmf-dist/tex/generic/kvdefinekeys/kvdefinekeys.sty)
(/usr/share/texlive/texmf-dist/tex/generic/pdfescape/pdfescape.sty)
(/usr/share/texlive/texmf-dist/tex/latex/hycolor/hycolor.sty)
(/usr/share/texlive/texmf-dist/tex/latex/letltxmacro/letltxmacro.sty)
(/usr/share/texlive/texmf-dist/tex/latex/auxhook/auxhook.sty)
(/usr/share/texlive/texmf-dist/tex/latex/kvoptions/kvoptions.sty)
(/usr/share/texlive/texmf-dist/tex/latex/hyperref/pd1enc.def)
(/usr/share/texlive/texmf-dist/tex/latex/hyperref/hyperref-langpatches.def)
(/usr/share/texlive/texmf-dist/tex/generic/intcalc/intcalc.sty)
(/usr/share/texlive/texmf-dist/tex/generic/etexcmds/etexcmds.sty)
(/usr/share/texlive/texmf-dist/tex/latex/hyperref/puenc.def)
(/usr/share/texlive/texmf-dist/tex/generic/bitset/bitset.sty
(/usr/share/texlive/texmf-dist/tex/generic/bigintcalc/bigintcalc.sty))
(/usr/share/texlive/texmf-dist/tex/latex/base/atbegshi-ltx.sty))
(/usr/share/texlive/texmf-dist/tex/latex/hyperref/hpdftex.def
(/usr/share/texlive/texmf-dist/tex/latex/base/atveryend-ltx.sty)
(/usr/share/texlive/texmf-dist/tex/latex/rerunfilecheck/rerunfilecheck.sty
(/usr/share/texlive/texmf-dist/tex/generic/uniquecounter/uniquecounter.sty)))
(/usr/share/texlive/texmf-dist/tex/latex/enumitem/enumitem.sty)
(/usr/share/texmf/tex/latex/lm/lmodern.sty)
(/usr/share/texlive/texmf-dist/tex/latex/tools/xspace.sty)
(/usr/share/texmf/tex/latex/lm/ot1lmr.fd)
(/usr/share/texlive/texmf-dist/tex/latex/l3backend/l3backend-pdftex.def)
(./main.aux) (/usr/share/texlive/texmf-dist/tex/context/base/mkii/supp-pdf.mkii

[Loading MPS to PDF converter (version 2006.09.02).]
) (/usr/share/texlive/texmf-dist/tex/latex/epstopdf-pkg/epstopdf-base.sty
(/usr/share/texlive/texmf-dist/tex/latex/latexconfig/epstopdf-sys.cfg))
(/usr/share/texlive/texmf-dist/tex/latex/microtype/mt-cmr.cfg)
(/usr/share/texlive/texmf-dist/tex/latex/hyperref/nameref.sty
(/usr/share/texlive/texmf-dist/tex/latex/refcount/refcount.sty)
(/usr/share/texlive/texmf-dist/tex/generic/gettitlestring/gettitlestring.sty))
(./main.out) (./main.out)

Package hyperref Warning: Token not allowed in a PDF string (Unicode):
(hyperref)                removing `\\' on input line 45.

(/usr/share/texmf/tex/latex/lm/omllmm.fd)
(/usr/share/texmf/tex/latex/lm/omslmsy.fd)
(/usr/share/texmf/tex/latex/lm/omxlmex.fd)
(/usr/share/texlive/texmf-dist/tex/latex/amsfonts/umsa.fd)
(/usr/share/texlive/texmf-dist/tex/latex/microtype/mt-msa.cfg)
(/usr/share/texlive/texmf-dist/tex/latex/amsfonts/umsb.fd)
(/usr/share/texlive/texmf-dist/tex/latex/microtype/mt-msb.cfg)

Package hyperref Warning: Ignoring empty anchor on input line 47.

(/usr/share/texmf/tex/latex/lm/omllmr.fd) (./sections/abstract.tex
(/usr/share/texmf/tex/latex/lm/ot1lmtt.fd)) (./sections/intro.tex

LaTeX Font Warning: Font shape `OT1/lmr/bx/sc' undefined
(Font)              using `OT1/lmr/bx/n' instead on input line 13.

) (./sections/methods.tex [1{/var/lib/texmf/fonts/map/pdftex/updmap/pdftex.map}
]
Underfull \hbox (badness 3449) in paragraph at lines 22--26
 \OT1/lmr/bx/n/10 (+20) Per-sis-tent shared con-text.[] \OT1/lmr/m/n/10 (+20) A
gents main-tain

Underfull \hbox (badness 1314) in paragraph at lines 38--42
\OT1/lmr/m/n/10 (+20) each rule in Brian 2 un-der the []Tang et al.[]
) (./sections/results.tex [2]

! LaTeX Error: Environment subfigure undefined.

See the LaTeX manual or LaTeX Companion for explanation.
Type  H <return>  for immediate help.
 ...                                              
                                                  
l.104 \begin{subfigure}
                       [t]{0.48\columnwidth}
! Missing number, treated as zero.
<to be read again> 
                   }
l.104 \begin{subfigure}[t]{0.48\columnwidth}
                                            
! Illegal unit of measure (pt inserted).
<to be read again> 
                   }
l.104 \begin{subfigure}[t]{0.48\columnwidth}
                                            

! LaTeX Error: \begin{figure} on input line 102 ended by \end{subfigure}.

See the LaTeX manual or LaTeX Companion for explanation.
Type  H <return>  for immediate help.
 ...                                              
                                                  
l.110 \end{subfigure}
                     \hfill

! LaTeX Error: Environment subfigure undefined.

See the LaTeX manual or LaTeX Companion for explanation.
Type  H <return>  for immediate help.
 ...                                              
                                                  
l.111 \begin{subfigure}
                       [t]{0.48\columnwidth}
! Missing number, treated as zero.
<to be read again> 
                   }
l.111 \begin{subfigure}[t]{0.48\columnwidth}
                                            
! Illegal unit of measure (pt inserted).
<to be read again> 
                   }
l.111 \begin{subfigure}[t]{0.48\columnwidth}
                                            

! LaTeX Error: \begin{figure} on input line 102 ended by \end{subfigure}.

See the LaTeX manual or LaTeX Companion for explanation.
Type  H <return>  for immediate help.
 ...                                              
                                                  
l.116 \end{subfigure}
                     

LaTeX Warning: Reference `fig:sim-fidelity' on page 3 undefined on input line 1
45.


! LaTeX Error: Environment subfigure undefined.

See the LaTeX manual or LaTeX Companion for explanation.
Type  H <return>  for immediate help.
 ...                                              
                                                  
l.158 \begin{subfigure}
                       [t]{0.24\linewidth}
! Missing number, treated as zero.
<to be read again> 
                   }
l.158 \begin{subfigure}[t]{0.24\linewidth}
                                          
! Illegal unit of measure (pt inserted).
<to be read again> 
                   }
l.158 \begin{subfigure}[t]{0.24\linewidth}
                                          

! LaTeX Error: \begin{figure*} on input line 156 ended by \end{subfigure}.

See the LaTeX manual or LaTeX Companion for explanation.
Type  H <return>  for immediate help.
 ...                                              
                                                  
l.162 \end{subfigure}
                     \hfill

! LaTeX Error: Environment subfigure undefined.

See the LaTeX manual or LaTeX Companion for explanation.
Type  H <return>  for immediate help.
 ...                                              
                                                  
l.163 \begin{subfigure}
                       [t]{0.24\linewidth}
! Missing number, treated as zero.
<to be read again> 
                   }
l.163 \begin{subfigure}[t]{0.24\linewidth}
                                          
! Illegal unit of measure (pt inserted).
<to be read again> 
                   }
l.163 \begin{subfigure}[t]{0.24\linewidth}
                                          

! LaTeX Error: \begin{figure*} on input line 156 ended by \end{subfigure}.

See the LaTeX manual or LaTeX Companion for explanation.
Type  H <return>  for immediate help.
 ...                                              
                                                  
l.167 \end{subfigure}
                     \hfill

! LaTeX Error: Environment subfigure undefined.

See the LaTeX manual or LaTeX Companion for explanation.
Type  H <return>  for immediate help.
 ...                                              
                                                  
l.168 \begin{subfigure}
                       [t]{0.24\linewidth}
! Missing number, treated as zero.
<to be read again> 
                   }
l.168 \begin{subfigure}[t]{0.24\linewidth}
                                          
! Illegal unit of measure (pt inserted).
<to be read again> 
                   }
l.168 \begin{subfigure}[t]{0.24\linewidth}
                                          

! LaTeX Error: \begin{figure*} on input line 156 ended by \end{subfigure}.

See the LaTeX manual or LaTeX Companion for explanation.
Type  H <return>  for immediate help.
 ...                                              
                                                  
l.172 \end{subfigure}
                     \hfill

! LaTeX Error: Environment subfigure undefined.

See the LaTeX manual or LaTeX Companion for explanation.
Type  H <return>  for immediate help.
 ...                                              
                                                  
l.173 \begin{subfigure}
                       [t]{0.24\linewidth}
! Missing number, treated as zero.
<to be read again> 
                   }
l.173 \begin{subfigure}[t]{0.24\linewidth}
                                          
! Illegal unit of measure (pt inserted).
<to be read again> 
                   }
l.173 \begin{subfigure}[t]{0.24\linewidth}
                                          

! LaTeX Error: \begin{figure*} on input line 156 ended by \end{subfigure}.

See the LaTeX manual or LaTeX Companion for explanation.
Type  H <return>  for immediate help.
 ...                                              
                                                  
l.177 \end{subfigure}
                     

LaTeX Warning: Float too large for page by 574.58357pt on input line 183.


Underfull \hbox (badness 2818) in paragraph at lines 186--193
 \OT1/lmr/bx/n/10 (+20) Case 2: spike-timing pre-ci-sion sand-wich.[]
) (./sections/discussion.tex [3]) (./main.bbl
Underfull \hbox (badness 1189) in paragraph at lines 11--22
\OT1/lmr/m/n/10 (+20) 1342, 2025.  doi: $10 . 1038 / s41586-[]025-[]09008-[]9$.


Underfull \hbox (badness 10000) in paragraph at lines 11--22
\OT1/lmr/m/n/10 (+20) URL []$\OT1/lmtt/m/n/10 https : / / www . nature . com / 
articles /

Underfull \hbox (badness 4726) in paragraph at lines 11--22
\OT1/lmtt/m/n/10 s41586-[]025-[]09008-[]9$[]\OT1/lmr/m/n/10 (+20) .  Pub-lic da
ta at Zen-

Underfull \hbox (badness 10000) in paragraph at lines 11--22
\OT1/lmr/m/n/10 (+20) odo 10.5281/zen-odo.15103778; code at

Underfull \hbox (badness 10000) in paragraph at lines 11--22
[]$\OT1/lmtt/m/n/10 https : / / github . com / SainsburyWellcomeCentre /

Underfull \hbox (badness 2884) in paragraph at lines 30--36
\OT1/lmr/m/n/10 (+20) re-ward.  \OT1/lmr/m/it/10 (+20) Na-ture\OT1/lmr/m/n/10 (
+20) , 614:108--117, 2023.  Pub-

Underfull \hbox (badness 10000) in paragraph at lines 30--36
\OT1/lmr/m/n/10 (+20) lic data at Zen-odo 10.5281/zen-odo.7274803;

Underfull \hbox (badness 10000) in paragraph at lines 30--36
\OT1/lmr/m/n/10 (+20) code at []$\OT1/lmtt/m/n/10 https : / / github . com / da
ttalab /
) (./sections/appendix.tex
Underfull \hbox (badness 1067) in paragraph at lines 7--16
\OT1/lmr/m/n/10 (+20) ues make the orig-i-nal (bound-free) state-ment of
[4]
Underfull \hbox (badness 10000) in paragraph at lines 18--26
 \OT1/lmr/bx/sc/10 (+20) Cor-rected state-ment.[] \OT1/lmr/m/n/10 (+20) The re-
vised the-

Underfull \hbox (badness 10000) in paragraph at lines 18--26
\OT1/lmr/m/n/10 (+20) o-rem adds two summa-bil-ity hy-pothe-ses:

Underfull \hbox (badness 3601) in paragraph at lines 18--26
\OT1/lmtt/m/n/10 h[]critic[]summable \OT1/lmr/m/n/10 (+20) (summa-bil-ity of cr
itic in-cre-

Underfull \hbox (badness 10000) in paragraph at lines 28--32
 \OT1/lmr/bx/sc/10 (+20) Machine-check sta-tus.[] \OT1/lmtt/m/n/10 lake build \
OT1/lmr/m/n/10 (+20) ex-

Underfull \hbox (badness 10000) in paragraph at lines 28--32
\OT1/lmr/m/n/10 (+20) its cleanly, zero \OT1/lmtt/m/n/10 sorry\OT1/lmr/m/n/10 (
+20) , ax-iom au-dit

Underfull \hbox (badness 10000) in paragraph at lines 28--32
\OMS/lmsy/m/n/10 f[]\OML/lmm/m/it/10 ; []; []\OMS/lmsy/m/n/10 g$\OT1/lmr/m/n/10
 (+20) .

Underfull \hbox (badness 10000) in paragraph at lines 28--32
\OT1/lmr/m/n/10 (+20) The full Lean source is in

Underfull \hbox (badness 10000) in paragraph at lines 28--32
\OT1/lmtt/m/n/10 lean/CreditAssignment/ActorCritic.lean \OT1/lmr/m/n/10 (+20) i
n

Overfull \hbox (32.06548pt too wide) in paragraph at lines 40--61
 [][] 

Package natbib Warning: Citation `stimberg2019brian2' on page 5 undefined on in
put line 71.

)

Package natbib Warning: There were undefined citations.

[5] [6 <./figures/kairo_pipeline.pdf>] [7 <./figures/fig_tang_per_animal.pdf> <
./figures/fig_mutation_kill_rate.pdf> <./figures/fig_tang_zenodo_calibration.pd
f> <./figures/fig_tang_fig5d_narrowing.pdf> <./figures/fig_cross_paradigm.pdf>]
[8 <./figures/fig_credit_kernel.pdf> <./figures/fig_entropy.pdf> <./figures/fig
_similarity.pdf> <./figures/fig_credit_window_sweep.pdf>] (./main.aux)

LaTeX Font Warning: Some font shapes were not available, defaults substituted.


LaTeX Warning: There were undefined references.


LaTeX Warning: Label(s) may have changed. Rerun to get cross-references right.

 )
(see the transcript file for additional information){/usr/share/texmf/fonts/enc
/dvips/lm/lm-mathsy.enc}{/usr/share/texmf/fonts/enc/dvips/lm/lm-mathit.enc}{/us
r/share/texmf/fonts/enc/dvips/lm/lm-rm.enc}{/usr/share/texmf/fonts/enc/dvips/lm
/lm-mathex.enc}{/usr/share/texmf/fonts/enc/dvips/lm/lm-rmsc.enc}{/usr/share/tex
mf/fonts/enc/dvips/lm/lm-rmtt.enc}</usr/share/texmf/fonts/type1/public/lm/lmbx1
0.pfb></usr/share/texmf/fonts/type1/public/lm/lmbx12.pfb></usr/share/texmf/font
s/type1/public/lm/lmbx9.pfb></usr/share/texmf/fonts/type1/public/lm/lmcsc10.pfb
></usr/share/texmf/fonts/type1/public/lm/lmex10.pfb></usr/share/texmf/fonts/typ
e1/public/lm/lmmi10.pfb></usr/share/texmf/fonts/type1/public/lm/lmmi5.pfb></usr
/share/texmf/fonts/type1/public/lm/lmmi6.pfb></usr/share/texmf/fonts/type1/publ
ic/lm/lmmi7.pfb></usr/share/texmf/fonts/type1/public/lm/lmmi9.pfb></usr/share/t
exmf/fonts/type1/public/lm/lmr10.pfb></usr/share/texmf/fonts/type1/public/lm/lm
r6.pfb></usr/share/texmf/fonts/type1/public/lm/lmr7.pfb></usr/share/texmf/fonts
/type1/public/lm/lmr9.pfb></usr/share/texmf/fonts/type1/public/lm/lmri10.pfb></
usr/share/texmf/fonts/type1/public/lm/lmri9.pfb></usr/share/texmf/fonts/type1/p
ublic/lm/lmsy10.pfb></usr/share/texmf/fonts/type1/public/lm/lmsy7.pfb></usr/sha
re/texmf/fonts/type1/public/lm/lmsy9.pfb></usr/share/texmf/fonts/type1/public/l
m/lmtt10.pfb></usr/share/texlive/texmf-dist/fonts/type1/public/amsfonts/symbols
/msbm10.pfb>
Output written on main.pdf (8 pages, 636932 bytes).
Transcript written on main.log.
This is BibTeX, Version 0.99d (TeX Live 2022/dev/Debian)
The top-level auxiliary file: main.aux
The style file: icml2026.bst
Database file #1: references.bib
Warning--I didn't find a database entry for "stimberg2019brian2"
(There was 1 warning)
This is pdfTeX, Version 3.141592653-2.6-1.40.22 (TeX Live 2022/dev/Debian) (preloaded format=pdflatex)
 restricted \write18 enabled.
entering extended mode
(./main.tex
LaTeX2e <2021-11-15> patch level 1
L3 programming layer <2022-01-21>
(/usr/share/texlive/texmf-dist/tex/latex/base/article.cls
Document Class: article 2021/10/04 v1.4n Standard LaTeX document class
(/usr/share/texlive/texmf-dist/tex/latex/base/size10.clo))
(/tmp/ai4math-2026-kairos/styles/icml2026.sty
(/usr/share/texlive/texmf-dist/tex/latex/psnfss/times.sty)
(/tmp/ai4math-2026-kairos/styles/fancyhdr.sty)
(/usr/share/texlive/texmf-dist/tex/latex/xcolor/xcolor.sty
(/usr/share/texlive/texmf-dist/tex/latex/graphics-cfg/color.cfg)
(/usr/share/texlive/texmf-dist/tex/latex/graphics-def/pdftex.def))
(/tmp/ai4math-2026-kairos/styles/algorithm.sty
Document Style `algorithm' - floating environment
(/usr/share/texlive/texmf-dist/tex/latex/float/float.sty)
(/usr/share/texlive/texmf-dist/tex/latex/base/ifthen.sty))
(/tmp/ai4math-2026-kairos/styles/algorithmic.sty
Document Style `algorithmic' - environment
(/usr/share/texlive/texmf-dist/tex/latex/tools/calc.sty))
(/usr/share/texlive/texmf-dist/tex/latex/natbib/natbib.sty)
(/usr/share/texlive/texmf-dist/tex/latex/eso-pic/eso-pic.sty
(/usr/share/texlive/texmf-dist/tex/latex/graphics/keyval.sty))
(/usr/share/texlive/texmf-dist/tex/latex/forloop/forloop.sty)
(/usr/share/texlive/texmf-dist/tex/latex/url/url.sty)
(/usr/share/texlive/texmf-dist/tex/latex/caption/caption.sty
(/usr/share/texlive/texmf-dist/tex/latex/caption/caption3.sty)))
(/usr/share/texlive/texmf-dist/tex/latex/microtype/microtype.sty
(/usr/share/texlive/texmf-dist/tex/latex/etoolbox/etoolbox.sty)
(/usr/share/texlive/texmf-dist/tex/latex/microtype/microtype-pdftex.def)
(/usr/share/texlive/texmf-dist/tex/latex/microtype/microtype.cfg))
(/usr/share/texlive/texmf-dist/tex/latex/graphics/graphicx.sty
(/usr/share/texlive/texmf-dist/tex/latex/graphics/graphics.sty
(/usr/share/texlive/texmf-dist/tex/latex/graphics/trig.sty)
(/usr/share/texlive/texmf-dist/tex/latex/graphics-cfg/graphics.cfg)))
(/usr/share/texlive/texmf-dist/tex/latex/booktabs/booktabs.sty)
(/usr/share/texlive/texmf-dist/tex/latex/amsmath/amsmath.sty
For additional information on amsmath, use the `?' option.
(/usr/share/texlive/texmf-dist/tex/latex/amsmath/amstext.sty
(/usr/share/texlive/texmf-dist/tex/latex/amsmath/amsgen.sty))
(/usr/share/texlive/texmf-dist/tex/latex/amsmath/amsbsy.sty)
(/usr/share/texlive/texmf-dist/tex/latex/amsmath/amsopn.sty))
(/usr/share/texlive/texmf-dist/tex/latex/amsfonts/amssymb.sty
(/usr/share/texlive/texmf-dist/tex/latex/amsfonts/amsfonts.sty))
(/usr/share/texlive/texmf-dist/tex/latex/amscls/amsthm.sty)
(/usr/share/texlive/texmf-dist/tex/latex/mathtools/mathtools.sty
(/usr/share/texlive/texmf-dist/tex/latex/mathtools/mhsetup.sty))
(/usr/share/texlive/texmf-dist/tex/latex/hyperref/hyperref.sty
(/usr/share/texlive/texmf-dist/tex/generic/ltxcmds/ltxcmds.sty)
(/usr/share/texlive/texmf-dist/tex/generic/iftex/iftex.sty)
(/usr/share/texlive/texmf-dist/tex/generic/pdftexcmds/pdftexcmds.sty
(/usr/share/texlive/texmf-dist/tex/generic/infwarerr/infwarerr.sty))
(/usr/share/texlive/texmf-dist/tex/generic/kvsetkeys/kvsetkeys.sty)
(/usr/share/texlive/texmf-dist/tex/generic/kvdefinekeys/kvdefinekeys.sty)
(/usr/share/texlive/texmf-dist/tex/generic/pdfescape/pdfescape.sty)
(/usr/share/texlive/texmf-dist/tex/latex/hycolor/hycolor.sty)
(/usr/share/texlive/texmf-dist/tex/latex/letltxmacro/letltxmacro.sty)
(/usr/share/texlive/texmf-dist/tex/latex/auxhook/auxhook.sty)
(/usr/share/texlive/texmf-dist/tex/latex/kvoptions/kvoptions.sty)
(/usr/share/texlive/texmf-dist/tex/latex/hyperref/pd1enc.def)
(/usr/share/texlive/texmf-dist/tex/latex/hyperref/hyperref-langpatches.def)
(/usr/share/texlive/texmf-dist/tex/generic/intcalc/intcalc.sty)
(/usr/share/texlive/texmf-dist/tex/generic/etexcmds/etexcmds.sty)
(/usr/share/texlive/texmf-dist/tex/latex/hyperref/puenc.def)
(/usr/share/texlive/texmf-dist/tex/generic/bitset/bitset.sty
(/usr/share/texlive/texmf-dist/tex/generic/bigintcalc/bigintcalc.sty))
(/usr/share/texlive/texmf-dist/tex/latex/base/atbegshi-ltx.sty))
(/usr/share/texlive/texmf-dist/tex/latex/hyperref/hpdftex.def
(/usr/share/texlive/texmf-dist/tex/latex/base/atveryend-ltx.sty)
(/usr/share/texlive/texmf-dist/tex/latex/rerunfilecheck/rerunfilecheck.sty
(/usr/share/texlive/texmf-dist/tex/generic/uniquecounter/uniquecounter.sty)))
(/usr/share/texlive/texmf-dist/tex/latex/enumitem/enumitem.sty)
(/usr/share/texmf/tex/latex/lm/lmodern.sty)
(/usr/share/texlive/texmf-dist/tex/latex/tools/xspace.sty)
(/usr/share/texmf/tex/latex/lm/ot1lmr.fd)
(/usr/share/texlive/texmf-dist/tex/latex/l3backend/l3backend-pdftex.def)
(./main.aux) (/usr/share/texlive/texmf-dist/tex/context/base/mkii/supp-pdf.mkii

[Loading MPS to PDF converter (version 2006.09.02).]
) (/usr/share/texlive/texmf-dist/tex/latex/epstopdf-pkg/epstopdf-base.sty
(/usr/share/texlive/texmf-dist/tex/latex/latexconfig/epstopdf-sys.cfg))
(/usr/share/texlive/texmf-dist/tex/latex/microtype/mt-cmr.cfg)
(/usr/share/texlive/texmf-dist/tex/latex/hyperref/nameref.sty
(/usr/share/texlive/texmf-dist/tex/latex/refcount/refcount.sty)
(/usr/share/texlive/texmf-dist/tex/generic/gettitlestring/gettitlestring.sty))
(./main.out) (./main.out)

Package hyperref Warning: Token not allowed in a PDF string (Unicode):
(hyperref)                removing `\\' on input line 45.

(/usr/share/texmf/tex/latex/lm/omllmm.fd)
(/usr/share/texmf/tex/latex/lm/omslmsy.fd)
(/usr/share/texmf/tex/latex/lm/omxlmex.fd)
(/usr/share/texlive/texmf-dist/tex/latex/amsfonts/umsa.fd)
(/usr/share/texlive/texmf-dist/tex/latex/microtype/mt-msa.cfg)
(/usr/share/texlive/texmf-dist/tex/latex/amsfonts/umsb.fd)
(/usr/share/texlive/texmf-dist/tex/latex/microtype/mt-msb.cfg)

Package hyperref Warning: Ignoring empty anchor on input line 47.

(/usr/share/texmf/tex/latex/lm/omllmr.fd) (./sections/abstract.tex
(/usr/share/texmf/tex/latex/lm/ot1lmtt.fd)) (./sections/intro.tex

LaTeX Font Warning: Font shape `OT1/lmr/bx/sc' undefined
(Font)              using `OT1/lmr/bx/n' instead on input line 13.

) (./sections/methods.tex [1{/var/lib/texmf/fonts/map/pdftex/updmap/pdftex.map}
]
Underfull \hbox (badness 3449) in paragraph at lines 22--26
 \OT1/lmr/bx/n/10 (+20) Per-sis-tent shared con-text.[] \OT1/lmr/m/n/10 (+20) A
gents main-tain

Underfull \hbox (badness 1314) in paragraph at lines 38--42
\OT1/lmr/m/n/10 (+20) each rule in Brian 2 un-der the []Tang et al.[]
) (./sections/results.tex [2]

! LaTeX Error: Environment subfigure undefined.

See the LaTeX manual or LaTeX Companion for explanation.
Type  H <return>  for immediate help.
 ...                                              
                                                  
l.104 \begin{subfigure}
                       [t]{0.48\columnwidth}
! Missing number, treated as zero.
<to be read again> 
                   }
l.104 \begin{subfigure}[t]{0.48\columnwidth}
                                            
! Illegal unit of measure (pt inserted).
<to be read again> 
                   }
l.104 \begin{subfigure}[t]{0.48\columnwidth}
                                            

! LaTeX Error: \begin{figure} on input line 102 ended by \end{subfigure}.

See the LaTeX manual or LaTeX Companion for explanation.
Type  H <return>  for immediate help.
 ...                                              
                                                  
l.110 \end{subfigure}
                     \hfill

! LaTeX Error: Environment subfigure undefined.

See the LaTeX manual or LaTeX Companion for explanation.
Type  H <return>  for immediate help.
 ...                                              
                                                  
l.111 \begin{subfigure}
                       [t]{0.48\columnwidth}
! Missing number, treated as zero.
<to be read again> 
                   }
l.111 \begin{subfigure}[t]{0.48\columnwidth}
                                            
! Illegal unit of measure (pt inserted).
<to be read again> 
                   }
l.111 \begin{subfigure}[t]{0.48\columnwidth}
                                            

! LaTeX Error: \begin{figure} on input line 102 ended by \end{subfigure}.

See the LaTeX manual or LaTeX Companion for explanation.
Type  H <return>  for immediate help.
 ...                                              
                                                  
l.116 \end{subfigure}
                     

! LaTeX Error: Environment subfigure undefined.

See the LaTeX manual or LaTeX Companion for explanation.
Type  H <return>  for immediate help.
 ...                                              
                                                  
l.158 \begin{subfigure}
                       [t]{0.24\linewidth}
! Missing number, treated as zero.
<to be read again> 
                   }
l.158 \begin{subfigure}[t]{0.24\linewidth}
                                          
! Illegal unit of measure (pt inserted).
<to be read again> 
                   }
l.158 \begin{subfigure}[t]{0.24\linewidth}
                                          

! LaTeX Error: \begin{figure*} on input line 156 ended by \end{subfigure}.

See the LaTeX manual or LaTeX Companion for explanation.
Type  H <return>  for immediate help.
 ...                                              
                                                  
l.162 \end{subfigure}
                     \hfill

! LaTeX Error: Environment subfigure undefined.

See the LaTeX manual or LaTeX Companion for explanation.
Type  H <return>  for immediate help.
 ...                                              
                                                  
l.163 \begin{subfigure}
                       [t]{0.24\linewidth}
! Missing number, treated as zero.
<to be read again> 
                   }
l.163 \begin{subfigure}[t]{0.24\linewidth}
                                          
! Illegal unit of measure (pt inserted).
<to be read again> 
                   }
l.163 \begin{subfigure}[t]{0.24\linewidth}
                                          

! LaTeX Error: \begin{figure*} on input line 156 ended by \end{subfigure}.

See the LaTeX manual or LaTeX Companion for explanation.
Type  H <return>  for immediate help.
 ...                                              
                                                  
l.167 \end{subfigure}
                     \hfill

! LaTeX Error: Environment subfigure undefined.

See the LaTeX manual or LaTeX Companion for explanation.
Type  H <return>  for immediate help.
 ...                                              
                                                  
l.168 \begin{subfigure}
                       [t]{0.24\linewidth}
! Missing number, treated as zero.
<to be read again> 
                   }
l.168 \begin{subfigure}[t]{0.24\linewidth}
                                          
! Illegal unit of measure (pt inserted).
<to be read again> 
                   }
l.168 \begin{subfigure}[t]{0.24\linewidth}
                                          

! LaTeX Error: \begin{figure*} on input line 156 ended by \end{subfigure}.

See the LaTeX manual or LaTeX Companion for explanation.
Type  H <return>  for immediate help.
 ...                                              
                                                  
l.172 \end{subfigure}
                     \hfill

! LaTeX Error: Environment subfigure undefined.

See the LaTeX manual or LaTeX Companion for explanation.
Type  H <return>  for immediate help.
 ...                                              
                                                  
l.173 \begin{subfigure}
                       [t]{0.24\linewidth}
! Missing number, treated as zero.
<to be read again> 
                   }
l.173 \begin{subfigure}[t]{0.24\linewidth}
                                          
! Illegal unit of measure (pt inserted).
<to be read again> 
                   }
l.173 \begin{subfigure}[t]{0.24\linewidth}
                                          

! LaTeX Error: \begin{figure*} on input line 156 ended by \end{subfigure}.

See the LaTeX manual or LaTeX Companion for explanation.
Type  H <return>  for immediate help.
 ...                                              
                                                  
l.177 \end{subfigure}
                     

LaTeX Warning: Float too large for page by 574.58357pt on input line 183.


Underfull \hbox (badness 2818) in paragraph at lines 186--193
 \OT1/lmr/bx/n/10 (+20) Case 2: spike-timing pre-ci-sion sand-wich.[]
) (./sections/discussion.tex [3]) (./main.bbl
Underfull \hbox (badness 1189) in paragraph at lines 11--22
\OT1/lmr/m/n/10 (+20) 1342, 2025.  doi: $10 . 1038 / s41586-[]025-[]09008-[]9$.


Underfull \hbox (badness 10000) in paragraph at lines 11--22
\OT1/lmr/m/n/10 (+20) URL []$\OT1/lmtt/m/n/10 https : / / www . nature . com / 
articles /

Underfull \hbox (badness 4726) in paragraph at lines 11--22
\OT1/lmtt/m/n/10 s41586-[]025-[]09008-[]9$[]\OT1/lmr/m/n/10 (+20) .  Pub-lic da
ta at Zen-

Underfull \hbox (badness 10000) in paragraph at lines 11--22
\OT1/lmr/m/n/10 (+20) odo 10.5281/zen-odo.15103778; code at

Underfull \hbox (badness 10000) in paragraph at lines 11--22
[]$\OT1/lmtt/m/n/10 https : / / github . com / SainsburyWellcomeCentre /

Underfull \hbox (badness 2884) in paragraph at lines 30--36
\OT1/lmr/m/n/10 (+20) re-ward.  \OT1/lmr/m/it/10 (+20) Na-ture\OT1/lmr/m/n/10 (
+20) , 614:108--117, 2023.  Pub-

Underfull \hbox (badness 10000) in paragraph at lines 30--36
\OT1/lmr/m/n/10 (+20) lic data at Zen-odo 10.5281/zen-odo.7274803;

Underfull \hbox (badness 10000) in paragraph at lines 30--36
\OT1/lmr/m/n/10 (+20) code at []$\OT1/lmtt/m/n/10 https : / / github . com / da
ttalab /
) (./sections/appendix.tex
Underfull \hbox (badness 1067) in paragraph at lines 7--16
\OT1/lmr/m/n/10 (+20) ues make the orig-i-nal (bound-free) state-ment of
[4]
Underfull \hbox (badness 10000) in paragraph at lines 18--26
 \OT1/lmr/bx/sc/10 (+20) Cor-rected state-ment.[] \OT1/lmr/m/n/10 (+20) The re-
vised the-

Underfull \hbox (badness 10000) in paragraph at lines 18--26
\OT1/lmr/m/n/10 (+20) o-rem adds two summa-bil-ity hy-pothe-ses:

Underfull \hbox (badness 3601) in paragraph at lines 18--26
\OT1/lmtt/m/n/10 h[]critic[]summable \OT1/lmr/m/n/10 (+20) (summa-bil-ity of cr
itic in-cre-

Underfull \hbox (badness 10000) in paragraph at lines 28--32
 \OT1/lmr/bx/sc/10 (+20) Machine-check sta-tus.[] \OT1/lmtt/m/n/10 lake build \
OT1/lmr/m/n/10 (+20) ex-

Underfull \hbox (badness 10000) in paragraph at lines 28--32
\OT1/lmr/m/n/10 (+20) its cleanly, zero \OT1/lmtt/m/n/10 sorry\OT1/lmr/m/n/10 (
+20) , ax-iom au-dit

Underfull \hbox (badness 10000) in paragraph at lines 28--32
\OMS/lmsy/m/n/10 f[]\OML/lmm/m/it/10 ; []; []\OMS/lmsy/m/n/10 g$\OT1/lmr/m/n/10
 (+20) .

Underfull \hbox (badness 10000) in paragraph at lines 28--32
\OT1/lmr/m/n/10 (+20) The full Lean source is in

Underfull \hbox (badness 10000) in paragraph at lines 28--32
\OT1/lmtt/m/n/10 lean/CreditAssignment/ActorCritic.lean \OT1/lmr/m/n/10 (+20) i
n

Overfull \hbox (32.06548pt too wide) in paragraph at lines 40--61
 [][] 

Package natbib Warning: Citation `stimberg2019brian2' on page 5 undefined on in
put line 71.

)

Package natbib Warning: There were undefined citations.

[5] [6 <./figures/kairo_pipeline.pdf>] [7 <./figures/fig_tang_per_animal.pdf> <
./figures/fig_mutation_kill_rate.pdf> <./figures/fig_tang_zenodo_calibration.pd
f> <./figures/fig_tang_fig5d_narrowing.pdf> <./figures/fig_cross_paradigm.pdf>]
[8 <./figures/fig_credit_kernel.pdf> <./figures/fig_entropy.pdf> <./figures/fig
_similarity.pdf> <./figures/fig_credit_window_sweep.pdf>] (./main.aux)

LaTeX Font Warning: Some font shapes were not available, defaults substituted.

 )
(see the transcript file for additional information){/usr/share/texmf/fonts/enc
/dvips/lm/lm-mathsy.enc}{/usr/share/texmf/fonts/enc/dvips/lm/lm-mathit.enc}{/us
r/share/texmf/fonts/enc/dvips/lm/lm-rm.enc}{/usr/share/texmf/fonts/enc/dvips/lm
/lm-mathex.enc}{/usr/share/texmf/fonts/enc/dvips/lm/lm-rmsc.enc}{/usr/share/tex
mf/fonts/enc/dvips/lm/lm-rmtt.enc}</usr/share/texmf/fonts/type1/public/lm/lmbx1
0.pfb></usr/share/texmf/fonts/type1/public/lm/lmbx12.pfb></usr/share/texmf/font
s/type1/public/lm/lmbx9.pfb></usr/share/texmf/fonts/type1/public/lm/lmcsc10.pfb
></usr/share/texmf/fonts/type1/public/lm/lmex10.pfb></usr/share/texmf/fonts/typ
e1/public/lm/lmmi10.pfb></usr/share/texmf/fonts/type1/public/lm/lmmi5.pfb></usr
/share/texmf/fonts/type1/public/lm/lmmi6.pfb></usr/share/texmf/fonts/type1/publ
ic/lm/lmmi7.pfb></usr/share/texmf/fonts/type1/public/lm/lmmi9.pfb></usr/share/t
exmf/fonts/type1/public/lm/lmr10.pfb></usr/share/texmf/fonts/type1/public/lm/lm
r6.pfb></usr/share/texmf/fonts/type1/public/lm/lmr7.pfb></usr/share/texmf/fonts
/type1/public/lm/lmr9.pfb></usr/share/texmf/fonts/type1/public/lm/lmri10.pfb></
usr/share/texmf/fonts/type1/public/lm/lmri9.pfb></usr/share/texmf/fonts/type1/p
ublic/lm/lmsy10.pfb></usr/share/texmf/fonts/type1/public/lm/lmsy7.pfb></usr/sha
re/texmf/fonts/type1/public/lm/lmsy9.pfb></usr/share/texmf/fonts/type1/public/l
m/lmtt10.pfb></usr/share/texlive/texmf-dist/fonts/type1/public/amsfonts/symbols
/msbm10.pfb>
Output written on main.pdf (8 pages, 636921 bytes).
Transcript written on main.log.
This is pdfTeX, Version 3.141592653-2.6-1.40.22 (TeX Live 2022/dev/Debian) (preloaded format=pdflatex)
 restricted \write18 enabled.
entering extended mode
(./main.tex
LaTeX2e <2021-11-15> patch level 1
L3 programming layer <2022-01-21>
(/usr/share/texlive/texmf-dist/tex/latex/base/article.cls
Document Class: article 2021/10/04 v1.4n Standard LaTeX document class
(/usr/share/texlive/texmf-dist/tex/latex/base/size10.clo))
(/tmp/ai4math-2026-kairos/styles/icml2026.sty
(/usr/share/texlive/texmf-dist/tex/latex/psnfss/times.sty)
(/tmp/ai4math-2026-kairos/styles/fancyhdr.sty)
(/usr/share/texlive/texmf-dist/tex/latex/xcolor/xcolor.sty
(/usr/share/texlive/texmf-dist/tex/latex/graphics-cfg/color.cfg)
(/usr/share/texlive/texmf-dist/tex/latex/graphics-def/pdftex.def))
(/tmp/ai4math-2026-kairos/styles/algorithm.sty
Document Style `algorithm' - floating environment
(/usr/share/texlive/texmf-dist/tex/latex/float/float.sty)
(/usr/share/texlive/texmf-dist/tex/latex/base/ifthen.sty))
(/tmp/ai4math-2026-kairos/styles/algorithmic.sty
Document Style `algorithmic' - environment
(/usr/share/texlive/texmf-dist/tex/latex/tools/calc.sty))
(/usr/share/texlive/texmf-dist/tex/latex/natbib/natbib.sty)
(/usr/share/texlive/texmf-dist/tex/latex/eso-pic/eso-pic.sty
(/usr/share/texlive/texmf-dist/tex/latex/graphics/keyval.sty))
(/usr/share/texlive/texmf-dist/tex/latex/forloop/forloop.sty)
(/usr/share/texlive/texmf-dist/tex/latex/url/url.sty)
(/usr/share/texlive/texmf-dist/tex/latex/caption/caption.sty
(/usr/share/texlive/texmf-dist/tex/latex/caption/caption3.sty)))
(/usr/share/texlive/texmf-dist/tex/latex/microtype/microtype.sty
(/usr/share/texlive/texmf-dist/tex/latex/etoolbox/etoolbox.sty)
(/usr/share/texlive/texmf-dist/tex/latex/microtype/microtype-pdftex.def)
(/usr/share/texlive/texmf-dist/tex/latex/microtype/microtype.cfg))
(/usr/share/texlive/texmf-dist/tex/latex/graphics/graphicx.sty
(/usr/share/texlive/texmf-dist/tex/latex/graphics/graphics.sty
(/usr/share/texlive/texmf-dist/tex/latex/graphics/trig.sty)
(/usr/share/texlive/texmf-dist/tex/latex/graphics-cfg/graphics.cfg)))
(/usr/share/texlive/texmf-dist/tex/latex/booktabs/booktabs.sty)
(/usr/share/texlive/texmf-dist/tex/latex/amsmath/amsmath.sty
For additional information on amsmath, use the `?' option.
(/usr/share/texlive/texmf-dist/tex/latex/amsmath/amstext.sty
(/usr/share/texlive/texmf-dist/tex/latex/amsmath/amsgen.sty))
(/usr/share/texlive/texmf-dist/tex/latex/amsmath/amsbsy.sty)
(/usr/share/texlive/texmf-dist/tex/latex/amsmath/amsopn.sty))
(/usr/share/texlive/texmf-dist/tex/latex/amsfonts/amssymb.sty
(/usr/share/texlive/texmf-dist/tex/latex/amsfonts/amsfonts.sty))
(/usr/share/texlive/texmf-dist/tex/latex/amscls/amsthm.sty)
(/usr/share/texlive/texmf-dist/tex/latex/mathtools/mathtools.sty
(/usr/share/texlive/texmf-dist/tex/latex/mathtools/mhsetup.sty))
(/usr/share/texlive/texmf-dist/tex/latex/hyperref/hyperref.sty
(/usr/share/texlive/texmf-dist/tex/generic/ltxcmds/ltxcmds.sty)
(/usr/share/texlive/texmf-dist/tex/generic/iftex/iftex.sty)
(/usr/share/texlive/texmf-dist/tex/generic/pdftexcmds/pdftexcmds.sty
(/usr/share/texlive/texmf-dist/tex/generic/infwarerr/infwarerr.sty))
(/usr/share/texlive/texmf-dist/tex/generic/kvsetkeys/kvsetkeys.sty)
(/usr/share/texlive/texmf-dist/tex/generic/kvdefinekeys/kvdefinekeys.sty)
(/usr/share/texlive/texmf-dist/tex/generic/pdfescape/pdfescape.sty)
(/usr/share/texlive/texmf-dist/tex/latex/hycolor/hycolor.sty)
(/usr/share/texlive/texmf-dist/tex/latex/letltxmacro/letltxmacro.sty)
(/usr/share/texlive/texmf-dist/tex/latex/auxhook/auxhook.sty)
(/usr/share/texlive/texmf-dist/tex/latex/kvoptions/kvoptions.sty)
(/usr/share/texlive/texmf-dist/tex/latex/hyperref/pd1enc.def)
(/usr/share/texlive/texmf-dist/tex/latex/hyperref/hyperref-langpatches.def)
(/usr/share/texlive/texmf-dist/tex/generic/intcalc/intcalc.sty)
(/usr/share/texlive/texmf-dist/tex/generic/etexcmds/etexcmds.sty)
(/usr/share/texlive/texmf-dist/tex/latex/hyperref/puenc.def)
(/usr/share/texlive/texmf-dist/tex/generic/bitset/bitset.sty
(/usr/share/texlive/texmf-dist/tex/generic/bigintcalc/bigintcalc.sty))
(/usr/share/texlive/texmf-dist/tex/latex/base/atbegshi-ltx.sty))
(/usr/share/texlive/texmf-dist/tex/latex/hyperref/hpdftex.def
(/usr/share/texlive/texmf-dist/tex/latex/base/atveryend-ltx.sty)
(/usr/share/texlive/texmf-dist/tex/latex/rerunfilecheck/rerunfilecheck.sty
(/usr/share/texlive/texmf-dist/tex/generic/uniquecounter/uniquecounter.sty)))
(/usr/share/texlive/texmf-dist/tex/latex/enumitem/enumitem.sty)
(/usr/share/texmf/tex/latex/lm/lmodern.sty)
(/usr/share/texlive/texmf-dist/tex/latex/tools/xspace.sty)
(/usr/share/texmf/tex/latex/lm/ot1lmr.fd)
(/usr/share/texlive/texmf-dist/tex/latex/l3backend/l3backend-pdftex.def)
(./main.aux) (/usr/share/texlive/texmf-dist/tex/context/base/mkii/supp-pdf.mkii

[Loading MPS to PDF converter (version 2006.09.02).]
) (/usr/share/texlive/texmf-dist/tex/latex/epstopdf-pkg/epstopdf-base.sty
(/usr/share/texlive/texmf-dist/tex/latex/latexconfig/epstopdf-sys.cfg))
(/usr/share/texlive/texmf-dist/tex/latex/microtype/mt-cmr.cfg)
(/usr/share/texlive/texmf-dist/tex/latex/hyperref/nameref.sty
(/usr/share/texlive/texmf-dist/tex/latex/refcount/refcount.sty)
(/usr/share/texlive/texmf-dist/tex/generic/gettitlestring/gettitlestring.sty))
(./main.out) (./main.out)

Package hyperref Warning: Token not allowed in a PDF string (Unicode):
(hyperref)                removing `\\' on input line 45.

(/usr/share/texmf/tex/latex/lm/omllmm.fd)
(/usr/share/texmf/tex/latex/lm/omslmsy.fd)
(/usr/share/texmf/tex/latex/lm/omxlmex.fd)
(/usr/share/texlive/texmf-dist/tex/latex/amsfonts/umsa.fd)
(/usr/share/texlive/texmf-dist/tex/latex/microtype/mt-msa.cfg)
(/usr/share/texlive/texmf-dist/tex/latex/amsfonts/umsb.fd)
(/usr/share/texlive/texmf-dist/tex/latex/microtype/mt-msb.cfg)

Package hyperref Warning: Ignoring empty anchor on input line 47.

(/usr/share/texmf/tex/latex/lm/omllmr.fd) (./sections/abstract.tex
(/usr/share/texmf/tex/latex/lm/ot1lmtt.fd)) (./sections/intro.tex

LaTeX Font Warning: Font shape `OT1/lmr/bx/sc' undefined
(Font)              using `OT1/lmr/bx/n' instead on input line 13.

) (./sections/methods.tex [1{/var/lib/texmf/fonts/map/pdftex/updmap/pdftex.map}
]
Underfull \hbox (badness 3449) in paragraph at lines 22--26
 \OT1/lmr/bx/n/10 (+20) Per-sis-tent shared con-text.[] \OT1/lmr/m/n/10 (+20) A
gents main-tain

Underfull \hbox (badness 1314) in paragraph at lines 38--42
\OT1/lmr/m/n/10 (+20) each rule in Brian 2 un-der the []Tang et al.[]
) (./sections/results.tex [2]

! LaTeX Error: Environment subfigure undefined.

See the LaTeX manual or LaTeX Companion for explanation.
Type  H <return>  for immediate help.
 ...                                              
                                                  
l.104 \begin{subfigure}
                       [t]{0.48\columnwidth}
! Missing number, treated as zero.
<to be read again> 
                   }
l.104 \begin{subfigure}[t]{0.48\columnwidth}
                                            
! Illegal unit of measure (pt inserted).
<to be read again> 
                   }
l.104 \begin{subfigure}[t]{0.48\columnwidth}
                                            

! LaTeX Error: \begin{figure} on input line 102 ended by \end{subfigure}.

See the LaTeX manual or LaTeX Companion for explanation.
Type  H <return>  for immediate help.
 ...                                              
                                                  
l.110 \end{subfigure}
                     \hfill

! LaTeX Error: Environment subfigure undefined.

See the LaTeX manual or LaTeX Companion for explanation.
Type  H <return>  for immediate help.
 ...                                              
                                                  
l.111 \begin{subfigure}
                       [t]{0.48\columnwidth}
! Missing number, treated as zero.
<to be read again> 
                   }
l.111 \begin{subfigure}[t]{0.48\columnwidth}
                                            
! Illegal unit of measure (pt inserted).
<to be read again> 
                   }
l.111 \begin{subfigure}[t]{0.48\columnwidth}
                                            

! LaTeX Error: \begin{figure} on input line 102 ended by \end{subfigure}.

See the LaTeX manual or LaTeX Companion for explanation.
Type  H <return>  for immediate help.
 ...                                              
                                                  
l.116 \end{subfigure}
                     

! LaTeX Error: Environment subfigure undefined.

See the LaTeX manual or LaTeX Companion for explanation.
Type  H <return>  for immediate help.
 ...                                              
                                                  
l.158 \begin{subfigure}
                       [t]{0.24\linewidth}
! Missing number, treated as zero.
<to be read again> 
                   }
l.158 \begin{subfigure}[t]{0.24\linewidth}
                                          
! Illegal unit of measure (pt inserted).
<to be read again> 
                   }
l.158 \begin{subfigure}[t]{0.24\linewidth}
                                          

! LaTeX Error: \begin{figure*} on input line 156 ended by \end{subfigure}.

See the LaTeX manual or LaTeX Companion for explanation.
Type  H <return>  for immediate help.
 ...                                              
                                                  
l.162 \end{subfigure}
                     \hfill

! LaTeX Error: Environment subfigure undefined.

See the LaTeX manual or LaTeX Companion for explanation.
Type  H <return>  for immediate help.
 ...                                              
                                                  
l.163 \begin{subfigure}
                       [t]{0.24\linewidth}
! Missing number, treated as zero.
<to be read again> 
                   }
l.163 \begin{subfigure}[t]{0.24\linewidth}
                                          
! Illegal unit of measure (pt inserted).
<to be read again> 
                   }
l.163 \begin{subfigure}[t]{0.24\linewidth}
                                          

! LaTeX Error: \begin{figure*} on input line 156 ended by \end{subfigure}.

See the LaTeX manual or LaTeX Companion for explanation.
Type  H <return>  for immediate help.
 ...                                              
                                                  
l.167 \end{subfigure}
                     \hfill

! LaTeX Error: Environment subfigure undefined.

See the LaTeX manual or LaTeX Companion for explanation.
Type  H <return>  for immediate help.
 ...                                              
                                                  
l.168 \begin{subfigure}
                       [t]{0.24\linewidth}
! Missing number, treated as zero.
<to be read again> 
                   }
l.168 \begin{subfigure}[t]{0.24\linewidth}
                                          
! Illegal unit of measure (pt inserted).
<to be read again> 
                   }
l.168 \begin{subfigure}[t]{0.24\linewidth}
                                          

! LaTeX Error: \begin{figure*} on input line 156 ended by \end{subfigure}.

See the LaTeX manual or LaTeX Companion for explanation.
Type  H <return>  for immediate help.
 ...                                              
                                                  
l.172 \end{subfigure}
                     \hfill

! LaTeX Error: Environment subfigure undefined.

See the LaTeX manual or LaTeX Companion for explanation.
Type  H <return>  for immediate help.
 ...                                              
                                                  
l.173 \begin{subfigure}
                       [t]{0.24\linewidth}
! Missing number, treated as zero.
<to be read again> 
                   }
l.173 \begin{subfigure}[t]{0.24\linewidth}
                                          
! Illegal unit of measure (pt inserted).
<to be read again> 
                   }
l.173 \begin{subfigure}[t]{0.24\linewidth}
                                          

! LaTeX Error: \begin{figure*} on input line 156 ended by \end{subfigure}.

See the LaTeX manual or LaTeX Companion for explanation.
Type  H <return>  for immediate help.
 ...                                              
                                                  
l.177 \end{subfigure}
                     

LaTeX Warning: Float too large for page by 574.58357pt on input line 183.


Underfull \hbox (badness 2818) in paragraph at lines 186--193
 \OT1/lmr/bx/n/10 (+20) Case 2: spike-timing pre-ci-sion sand-wich.[]
) (./sections/discussion.tex [3]) (./main.bbl
Underfull \hbox (badness 1189) in paragraph at lines 11--22
\OT1/lmr/m/n/10 (+20) 1342, 2025.  doi: $10 . 1038 / s41586-[]025-[]09008-[]9$.


Underfull \hbox (badness 10000) in paragraph at lines 11--22
\OT1/lmr/m/n/10 (+20) URL []$\OT1/lmtt/m/n/10 https : / / www . nature . com / 
articles /

Underfull \hbox (badness 4726) in paragraph at lines 11--22
\OT1/lmtt/m/n/10 s41586-[]025-[]09008-[]9$[]\OT1/lmr/m/n/10 (+20) .  Pub-lic da
ta at Zen-

Underfull \hbox (badness 10000) in paragraph at lines 11--22
\OT1/lmr/m/n/10 (+20) odo 10.5281/zen-odo.15103778; code at

Underfull \hbox (badness 10000) in paragraph at lines 11--22
[]$\OT1/lmtt/m/n/10 https : / / github . com / SainsburyWellcomeCentre /

Underfull \hbox (badness 2884) in paragraph at lines 30--36
\OT1/lmr/m/n/10 (+20) re-ward.  \OT1/lmr/m/it/10 (+20) Na-ture\OT1/lmr/m/n/10 (
+20) , 614:108--117, 2023.  Pub-

Underfull \hbox (badness 10000) in paragraph at lines 30--36
\OT1/lmr/m/n/10 (+20) lic data at Zen-odo 10.5281/zen-odo.7274803;

Underfull \hbox (badness 10000) in paragraph at lines 30--36
\OT1/lmr/m/n/10 (+20) code at []$\OT1/lmtt/m/n/10 https : / / github . com / da
ttalab /
) (./sections/appendix.tex
Underfull \hbox (badness 1067) in paragraph at lines 7--16
\OT1/lmr/m/n/10 (+20) ues make the orig-i-nal (bound-free) state-ment of
[4]
Underfull \hbox (badness 10000) in paragraph at lines 18--26
 \OT1/lmr/bx/sc/10 (+20) Cor-rected state-ment.[] \OT1/lmr/m/n/10 (+20) The re-
vised the-

Underfull \hbox (badness 10000) in paragraph at lines 18--26
\OT1/lmr/m/n/10 (+20) o-rem adds two summa-bil-ity hy-pothe-ses:

Underfull \hbox (badness 3601) in paragraph at lines 18--26
\OT1/lmtt/m/n/10 h[]critic[]summable \OT1/lmr/m/n/10 (+20) (summa-bil-ity of cr
itic in-cre-

Underfull \hbox (badness 10000) in paragraph at lines 28--32
 \OT1/lmr/bx/sc/10 (+20) Machine-check sta-tus.[] \OT1/lmtt/m/n/10 lake build \
OT1/lmr/m/n/10 (+20) ex-

Underfull \hbox (badness 10000) in paragraph at lines 28--32
\OT1/lmr/m/n/10 (+20) its cleanly, zero \OT1/lmtt/m/n/10 sorry\OT1/lmr/m/n/10 (
+20) , ax-iom au-dit

Underfull \hbox (badness 10000) in paragraph at lines 28--32
\OMS/lmsy/m/n/10 f[]\OML/lmm/m/it/10 ; []; []\OMS/lmsy/m/n/10 g$\OT1/lmr/m/n/10
 (+20) .

Underfull \hbox (badness 10000) in paragraph at lines 28--32
\OT1/lmr/m/n/10 (+20) The full Lean source is in

Underfull \hbox (badness 10000) in paragraph at lines 28--32
\OT1/lmtt/m/n/10 lean/CreditAssignment/ActorCritic.lean \OT1/lmr/m/n/10 (+20) i
n

Overfull \hbox (32.06548pt too wide) in paragraph at lines 40--61
 [][] 

Package natbib Warning: Citation `stimberg2019brian2' on page 5 undefined on in
put line 71.

)

Package natbib Warning: There were undefined citations.

[5] [6 <./figures/kairo_pipeline.pdf>] [7 <./figures/fig_tang_per_animal.pdf> <
./figures/fig_mutation_kill_rate.pdf> <./figures/fig_tang_zenodo_calibration.pd
f> <./figures/fig_tang_fig5d_narrowing.pdf> <./figures/fig_cross_paradigm.pdf>]
[8 <./figures/fig_credit_kernel.pdf> <./figures/fig_entropy.pdf> <./figures/fig
_similarity.pdf> <./figures/fig_credit_window_sweep.pdf>] (./main.aux)

LaTeX Font Warning: Some font shapes were not available, defaults substituted.

 )
(see the transcript file for additional information){/usr/share/texmf/fonts/enc
/dvips/lm/lm-mathsy.enc}{/usr/share/texmf/fonts/enc/dvips/lm/lm-mathit.enc}{/us
r/share/texmf/fonts/enc/dvips/lm/lm-rm.enc}{/usr/share/texmf/fonts/enc/dvips/lm
/lm-mathex.enc}{/usr/share/texmf/fonts/enc/dvips/lm/lm-rmsc.enc}{/usr/share/tex
mf/fonts/enc/dvips/lm/lm-rmtt.enc}</usr/share/texmf/fonts/type1/public/lm/lmbx1
0.pfb></usr/share/texmf/fonts/type1/public/lm/lmbx12.pfb></usr/share/texmf/font
s/type1/public/lm/lmbx9.pfb></usr/share/texmf/fonts/type1/public/lm/lmcsc10.pfb
></usr/share/texmf/fonts/type1/public/lm/lmex10.pfb></usr/share/texmf/fonts/typ
e1/public/lm/lmmi10.pfb></usr/share/texmf/fonts/type1/public/lm/lmmi5.pfb></usr
/share/texmf/fonts/type1/public/lm/lmmi6.pfb></usr/share/texmf/fonts/type1/publ
ic/lm/lmmi7.pfb></usr/share/texmf/fonts/type1/public/lm/lmmi9.pfb></usr/share/t
exmf/fonts/type1/public/lm/lmr10.pfb></usr/share/texmf/fonts/type1/public/lm/lm
r6.pfb></usr/share/texmf/fonts/type1/public/lm/lmr7.pfb></usr/share/texmf/fonts
/type1/public/lm/lmr9.pfb></usr/share/texmf/fonts/type1/public/lm/lmri10.pfb></
usr/share/texmf/fonts/type1/public/lm/lmri9.pfb></usr/share/texmf/fonts/type1/p
ublic/lm/lmsy10.pfb></usr/share/texmf/fonts/type1/public/lm/lmsy7.pfb></usr/sha
re/texmf/fonts/type1/public/lm/lmsy9.pfb></usr/share/texmf/fonts/type1/public/l
m/lmtt10.pfb></usr/share/texlive/texmf-dist/fonts/type1/public/amsfonts/symbols
/msbm10.pfb>
Output written on main.pdf (8 pages, 636921 bytes).
Transcript written on main.log.
